<?xml version="1.0" encoding="UTF-8"?>
<!-- Generated by org.testng.reporters.JUnitReportReporter -->
<testsuite hostname="DESKTOP-P9KBQF8" name="ecomm_TestCase.CartUpdate" tests="1" failures="0" timestamp="23 Dec 2019 16:26:10 GMT" time="15.128" errors="0">
  <testcase name="cartupdate_invalidQty" time="15.128" classname="ecomm_TestCase.CartUpdate"/>
</testsuite> <!-- ecomm_TestCase.CartUpdate -->
