<?xml version="1.0" encoding="UTF-8"?>
<!-- Generated by org.testng.reporters.JUnitReportReporter -->
<testsuite hostname="DESKTOP-P9KBQF8" name="ecomm_TestCase.comparsion" tests="1" failures="0" timestamp="24 Dec 2019 09:35:46 GMT" time="10.613" errors="0">
  <testcase name="product_comparsion" time="10.613" classname="ecomm_TestCase.comparsion"/>
</testsuite> <!-- ecomm_TestCase.comparsion -->
