<?xml version="1.0" encoding="UTF-8"?>
<!-- Generated by org.testng.reporters.JUnitReportReporter -->
<testsuite hostname="DESKTOP-P9KBQF8" name="ecomm_TestCase.TestScript_userflow" tests="2" failures="0" timestamp="31 Dec 2019 14:06:11 GMT" time="212.464" errors="0">
  <testcase name="fullUserFlow_TS1" time="92.289" classname="ecomm_TestCase.TestScript_userflow"/>
  <testcase name="fullUserFlow_TS2" time="120.175" classname="ecomm_TestCase.TestScript_userflow"/>
</testsuite> <!-- ecomm_TestCase.TestScript_userflow -->
