<?xml version="1.0" encoding="UTF-8"?>
<!-- Generated by org.testng.reporters.JUnitReportReporter -->
<testsuite hostname="DESKTOP-P9KBQF8" name="ecomm_TestCase.TC001_sortby_Name" tests="1" failures="0" timestamp="22 Dec 2019 06:49:15 GMT" time="107.589" errors="0">
  <testcase name="runTC001" time="107.589" classname="ecomm_TestCase.TC001_sortby_Name"/>
</testsuite> <!-- ecomm_TestCase.TC001_sortby_Name -->
