<?xml version="1.0" encoding="UTF-8"?>
<!-- Generated by org.testng.reporters.JUnitReportReporter -->
<testsuite hostname="DESKTOP-P9KBQF8" name="ecomm_TestCase.OrderPDFSave" tests="1" failures="0" timestamp="31 Dec 2019 19:10:01 GMT" time="5.403" errors="0">
  <testcase name="OrderSave" time="5.403" classname="ecomm_TestCase.OrderPDFSave"/>
</testsuite> <!-- ecomm_TestCase.OrderPDFSave -->
