<?xml version="1.0" encoding="UTF-8"?>
<!-- Generated by org.testng.reporters.JUnitReportReporter -->
<testsuite hostname="DESKTOP-P9KBQF8" name="ecomm_TestCase.sharewishlist_data" tests="1" failures="0" timestamp="26 Dec 2019 17:08:50 GMT" time="9.010" errors="0">
  <testcase name="sharedate" time="9.010" classname="ecomm_TestCase.sharewishlist_data"/>
</testsuite> <!-- ecomm_TestCase.sharewishlist_data -->
