<?xml version="1.0" encoding="UTF-8"?>
<!-- Generated by org.testng.reporters.JUnitReportReporter -->
<testsuite hostname="DESKTOP-P9KBQF8" name="ecomm_TestCase.priceComparsion" tests="1" failures="0" timestamp="23 Dec 2019 12:36:27 GMT" time="6.620" errors="0">
  <testcase name="run002" time="6.620" classname="ecomm_TestCase.priceComparsion"/>
</testsuite> <!-- ecomm_TestCase.priceComparsion -->
